[user]제대로 작동하는가?
[assistant]네, 제대로 작동하고 있습니다! 도움이 필요하시면 말씀해 주세요.
[user]서울의 지금 날짜와 시간은?
[assistant]제가 실시간 정보를 제공할 수는 없지만, 서울의 현재 날짜와 시간을 확인하려면 기기를 사용해 확인해 주시기 바랍니다. 보통 서울은 한국 표준시(KST, UTC+9)에 위치하고 있습니다. 도움이 필요하신 다른 질문이 있다면 말씀해 주세요!
[user]당신이 할 수 있는 최대 날짜는?
[assistant]제가 제공할 수 있는 정보는 2023년 10월까지의 데이터에 기반하고 있습니다. 따라서 그 시점까지의 날짜나 이벤트에 대해서는 도움을 드릴 수 있습니다. 이후의 날짜나 정보는 확인할 수 없습니다. 다른 질문이 있으시면 언제든지 말씀해 주세요!
[user]이쁜 돼지가 수박을 수확하는 그림
[assistant]https://oaidalleapiprodscus.blob.core.windows.net/private/org-PW6GdpgJTc9X6BCJjiewEQ9b/user-SsNy4lyFPH2jMavAJVQrW8Rt/img-fzdg8IiXjN6Hc8pXIlcuRuOS.png?st=2025-08-28T01%3A36%3A03Z&se=2025-08-28T03%3A36%3A03Z&sp=r&sv=2024-08-04&sr=b&rscd=inline&rsct=image/png&skoid=b1a0ae1f-618f-4548-84fd-8b16cacd5485&sktid=a48cca56-e6da-484e-a814-9c849652bcb3&skt=2025-08-27T08%3A47%3A05Z&ske=2025-08-28T08%3A47%3A05Z&sks=b&skv=2024-08-04&sig=w0SBCoHhbjvkmbY8OAdTUu%2BGrI4Xhy/cwVax7OPI71I%3D
[user]하늘을 나는 뚱돼지와 그 옆에 곡예비행하는 코끼리의 콜라보
[assistant]https://oaidalleapiprodscus.blob.core.windows.net/private/org-PW6GdpgJTc9X6BCJjiewEQ9b/user-SsNy4lyFPH2jMavAJVQrW8Rt/img-GkmyIl0eaKascL68n6YpUAzF.png?st=2025-08-28T01%3A38%3A41Z&se=2025-08-28T03%3A38%3A41Z&sp=r&sv=2024-08-04&sr=b&rscd=inline&rsct=image/png&skoid=b1a0ae1f-618f-4548-84fd-8b16cacd5485&sktid=a48cca56-e6da-484e-a814-9c849652bcb3&skt=2025-08-27T17%3A32%3A16Z&ske=2025-08-28T17%3A32%3A16Z&sks=b&skv=2024-08-04&sig=TYvNv9Op5sJ84JNMO1%2BU0g%2B2mlLlG87SDtyENEaQHiA%3D
[user]호박을 따는 밀집모자 어린 소녀가 햇빛에 눈이 부셔 눈을 찡긋 하는 모습
[assistant]https://oaidalleapiprodscus.blob.core.windows.net/private/org-PW6GdpgJTc9X6BCJjiewEQ9b/user-SsNy4lyFPH2jMavAJVQrW8Rt/img-pKyQQAnP2QEk8R0X5rGxGuTF.png?st=2025-08-28T01%3A41%3A43Z&se=2025-08-28T03%3A41%3A43Z&sp=r&sv=2024-08-04&sr=b&rscd=inline&rsct=image/png&skoid=b1a0ae1f-618f-4548-84fd-8b16cacd5485&sktid=a48cca56-e6da-484e-a814-9c849652bcb3&skt=2025-08-27T11%3A22%3A07Z&ske=2025-08-28T11%3A22%3A07Z&sks=b&skv=2024-08-04&sig=XL2nm6Q%2BRF7BtqU8j%2BfUdI9i7WT/kMS%2BEGtTixS7MqE%3D
[user]소년이 땀을 흘리면 나무를 깎으며 손오공을 조각
[assistant]https://oaidalleapiprodscus.blob.core.windows.net/private/org-PW6GdpgJTc9X6BCJjiewEQ9b/user-SsNy4lyFPH2jMavAJVQrW8Rt/img-RY94LLA5PPRoaWfmpq2d8jJR.png?st=2025-08-28T01%3A46%3A24Z&se=2025-08-28T03%3A46%3A24Z&sp=r&sv=2024-08-04&sr=b&rscd=inline&rsct=image/png&skoid=f1dafa11-a0c2-4092-91d4-10981fbda051&sktid=a48cca56-e6da-484e-a814-9c849652bcb3&skt=2025-08-27T15%3A20%3A54Z&ske=2025-08-28T15%3A20%3A54Z&sks=b&skv=2024-08-04&sig=fKE%2B7ljtpQDjMg6Mv78lvc/RgT/3mF9jdWMiheMdvKg%3D
[user]한글과 컴퓨터란?
[assistant]한글과 컴퓨터는 대한민국의 소프트웨어 회사로, 주로 한글과 한자를 포함한 컴퓨터 프로그램 및 관련 기술을 개발하고 제공합니다. 이 회사는 1989년에 설립되었으며, 특히 '한글'이라는 워드 프로세서 프로그램으로 널리 알려져 있습니다. 

한글과 컴퓨터는 다양한 분야의 소프트웨어 제품을 개발하고 있으며, 특히 문서 작성, 그래픽 디자인, 웹 서비스, 클라우드 서비스 등에서 널리 사용됩니다. 이 회사는 한국어의 사용을 지원하는 다양한 도구와 솔루션을 제공하며, 국내외에서 한국어를 효과적으로 사용하는 데 기여하고 있습니다. 

또한, 한글과 컴퓨터는 교육, 비즈니스, 공공기관 등 여러 분야에서의 고객을 대상으로 다양한 서비스를 제공하고 있습니다.
[user]지렁이의 생태
[assistant]지렁이는 토양에서 서식하는 무척추동물로, 생태계에서 중요한 역할을 수행합니다. 이들은 일반적으로 다음과 같은 특징과 생태적 기능을 가지고 있습니다.

### 생태적 역할
1. **토양 개량**: 지렁이는 토양을 부드럽게 하고 공기와 물의 통과를 돕습니다. 이 과정에서 유기물을 분해하여 토양의 비옥도를 높입니다.
2. **영양 순환**: 지렁이는 식물의 뿌리와 결합해 있는 유기물을 섭취하고, 이를 소화 및 분해하여 영양분이 토양에 방출되도록 합니다. 이렇게 함으로써 식물 성장에 필요한 영양소를 재생산합니다.
3. **생물 다양성**: 지렁이는 토양 생태계의 다양한 생물들과 상호작용하여 생물 다양성을 증진시킵니다. 그들의 유기물 분해 활동은 다른 미생물과 곰팡이에 중요한 환경을 제공합니다.

### 생애 주기
지렁이는 대개 알을 낳아 번식하며, 땅 속에서 두껍고 부드러운 피부를 통해 수분을 흡수합니다. 이들은 대개 밤에 활동하며, 환경에 따라 수명이 다를 수 있지만 몇 년 동안 살 수 있습니다.

### 서식지
지렁이는 대개 습기 있는 토양, 특히 유기물이 풍부한 지역에 서식합니다. 이들은 숲, 농경지, 그리고 정원 등 다양한 장소에서 발견됩니다.

### 주요 종류
- **붉은 지렁이** (Eisenia fetida): 퇴비화 및 유기물 분해에 효과적이며, 종종 상업적인 퇴비 제작에 사용됩니다.
- **일반 지렁이** (Lumbricus terrestris): 토양 깊숙한 곳에 서식하며, 큰 크기로 잘 알려져 있습니다.

지렁이는 그들의 중요성에도 불구하고 서식지가 파괴되거나 오염되는 등 여러 위협에 직면해 있습니다. 따라서 이들을 보호하는 것이 생태계 유지에 중요합니다.
[user]지렁이의 사랑
[assistant]https://oaidalleapiprodscus.blob.core.windows.net/private/org-PW6GdpgJTc9X6BCJjiewEQ9b/user-SsNy4lyFPH2jMavAJVQrW8Rt/img-0We3DqqFoT4HNUYiUiqUTG7j.png?st=2025-08-28T09%3A41%3A05Z&se=2025-08-28T11%3A41%3A05Z&sp=r&sv=2024-08-04&sr=b&rscd=inline&rsct=image/png&skoid=cc612491-d948-4d2e-9821-2683df3719f5&sktid=a48cca56-e6da-484e-a814-9c849652bcb3&skt=2025-08-27T20%3A26%3A19Z&ske=2025-08-28T20%3A26%3A19Z&sks=b&skv=2024-08-04&sig=1LK%2BsXkotHDTy8vaNxqE%2BD1pkDmUuN1%2B4MC4FpPJ9gI%3D
